Arguments: 
  /Users/imogenhare/.nvm/versions/node/v16.10.0/bin/node /Users/imogenhare/.node/corepack/yarn/1.22.19/bin/yarn.js

PATH: 
  /Users/imogenhare/.nvm/versions/node/v16.10.0/bin:/opt/homebrew/bin:/opt/homebrew/sbin:/usr/local/bin:/usr/bin:/bin:/usr/sbin:/sbin:/Users/imogenhare/.nvm/versions/node/v16.10.0/bin:/opt/homebrew/bin:/opt/homebrew/sbin

Yarn version: 
  1.22.19

Node version: 
  16.10.0

Platform: 
  darwin arm64

Trace: 
  Error: ENOSPC: no space left on device, copyfile '/Users/imogenhare/Library/Caches/Yarn/v6/npm-lodash-4.17.21-679591c564c3bffaae8454cf0b3df370c3d6911c-integrity/node_modules/lodash/fp/templateSettings.js' -> '/Users/imogenhare/Desktop/voting-dapp/node_modules/lodash/fp/templateSettings.js'

npm manifest: 
  {
    "name": "twitter-clone",
    "version": "0.1.0",
    "private": true,
    "dependencies": {
      "@testing-library/jest-dom": "^5.16.2",
      "@testing-library/react": "^12.1.2",
      "@testing-library/user-event": "^13.5.0",
      "antd": "^4.18.7",
      "assert": "^2.0.0",
      "crypto-browserify": "^3.12.0",
      "https-browserify": "^1.0.0",
      "moralis": "^1.3.2",
      "os-browserify": "^0.3.0",
      "react": "^17.0.2",
      "react-dom": "^17.0.2",
      "react-moralis": "^1.3.1",
      "react-scripts": "4.0.0",
      "stream-browserify": "^3.0.0",
      "stream-http": "^3.2.0",
      "url": "^0.11.0",
      "web-vitals": "^2.1.4",
      "web3uikit": "^0.1.75"
    },
    "scripts": {
      "start": "react-scripts start",
      "build": "react-scripts build",
      "test": "react-scripts test",
      "eject": "react-scripts eject"
    },
    "eslintConfig": {
      "extends": [
        "react-app",
        "react-app/jest"
      ]
    },
    "browserslist": {
      "production": [
        ">0.2%",
        "not dead",
        "not op_mini all"
      ],
      "development": [
        "last 1 chrome version",
        "last 1 firefox version",
        "last 1 safari version"
      ]
    },
    "devDependencies": {
      "hardhat": "^2.9.3"
    }
  }

yarn manifest: 
  No manifest

Lockfile: 
  No lockfile
